-------------------------------------------------------------------------------
Test set: com.example.zooplus.test.demoApplicationTest
-------------------------------------------------------------------------------
Tests run: 2, Failures: 0, Errors: 1, Skipped: 0, Time elapsed: 3.141 s <<< FAILURE! - in com.example.zooplus.test.demoApplicationTest
retrieveDetailsForOrder  Time elapsed: 0.116 s  <<< ERROR!
org.json.JSONException: Unparsable JSON string: 
	at com.example.zooplus.test.demoApplicationTest.retrieveDetailsForOrder(demoApplicationTest.java:55)

