<?xml version="1.0" encoding="UTF-8"?>
<testsuite xmlns:xsi="http://www.w3.org/2001/XMLSchema-instance" xsi:noNamespaceSchemaLocation="https://maven.apache.org/surefire/maven-surefire-plugin/xsd/surefire-test-report.xsd" name="com.example.zooplus.test.demoApplicationTest" time="3.141" tests="2" errors="1" skipped="0" failures="0">
  <properties>
[...]
</properties>
  <testcase name="retrieveDetailsForOrder" classname="com.example.zooplus.test.demoApplicationTest" time="0.116">
    <error message="Unparsable JSON string: " type="org.json.JSONException">org.json.JSONException: Unparsable JSON string: 
	at com.example.zooplus.test.demoApplicationTest.retrieveDetailsForOrder(demoApplicationTest.java:55)
</error>
    <system-out><![CDATA[12:21:03.204 [main] DEBUG org.springframework.test.context.BootstrapUtils - Instantiating CacheAwareContextLoaderDelegate from class [org.springframework.test.context.cache.DefaultCacheAwareContextLoaderDelegate]
12:21:03.216 [main] DEBUG org.springframework.test.context.BootstrapUtils - Instantiating BootstrapContext using constructor [public org.springframework.test.context.support.DefaultBootstrapContext(java.lang.Class,org.springframework.test.context.CacheAwareContextLoaderDelegate)]
12:21:03.262 [main] DEBUG org.springframework.test.context.BootstrapUtils - Instantiating TestContextBootstrapper for test class [com.example.zooplus.test.demoApplicationTest] from class [org.springframework.boot.test.autoconfigure.web.servlet.WebMvcTestContextBootstrapper]
12:21:03.278 [main] INFO org.springframework.boot.test.autoconfigure.web.servlet.WebMvcTestContextBootstrapper - Neither @ContextConfiguration nor @ContextHierarchy found for test class [com.example.zooplus.test.demoApplicationTest], using SpringBootContextLoader
12:21:03.284 [main] DEBUG org.springframework.test.context.support.AbstractContextLoader - Did not detect default resource location for test class [com.example.zooplus.test.demoApplicationTest]: class path resource [com/example/zooplus/test/demoApplicationTest-context.xml] does not exist
12:21:03.285 [main] DEBUG org.springframework.test.context.support.AbstractContextLoader - Did not detect default resource location for test class [com.example.zooplus.test.demoApplicationTest]: class path resource [com/example/zooplus/test/demoApplicationTestContext.groovy] does not exist
12:21:03.285 [main] INFO org.springframework.test.context.support.AbstractContextLoader - Could not detect default resource locations for test class [com.example.zooplus.test.demoApplicationTest]: no resource found for suffixes {-context.xml, Context.groovy}.
12:21:03.286 [main] INFO org.springframework.test.context.support.AnnotationConfigContextLoaderUtils - Could not detect default configuration classes for test class [com.example.zooplus.test.demoApplicationTest]: demoApplicationTest does not declare any static, non-private, non-final, nested classes annotated with @Configuration.
12:21:03.367 [main] DEBUG org.springframework.test.context.support.ActiveProfilesUtils - Could not find an 'annotation declaring class' for annotation type [org.springframework.test.context.ActiveProfiles] and class [com.example.zooplus.test.demoApplicationTest]
12:21:03.434 [main] DEBUG org.springframework.context.annotation.ClassPathScanningCandidateComponentProvider - Identified candidate component class: file [/Users/gyanprakash/Documents/Personal/Zooplus/target/classes/com/example/zooplus/demoApplication.class]
12:21:03.435 [main] INFO org.springframework.boot.test.context.SpringBootTestContextBootstrapper - Found @SpringBootConfiguration com.example.zooplus.demoApplication for test class com.example.zooplus.test.demoApplicationTest
12:21:03.440 [main] DEBUG org.springframework.boot.test.autoconfigure.web.servlet.WebMvcTestContextBootstrapper - @TestExecutionListeners is not present for class [com.example.zooplus.test.demoApplicationTest]: using defaults.
12:21:03.440 [main] INFO org.springframework.boot.test.autoconfigure.web.servlet.WebMvcTestContextBootstrapper - Loaded default TestExecutionListener class names from location [META-INF/spring.factories]: [org.springframework.boot.test.mock.mockito.MockitoTestExecutionListener, org.springframework.boot.test.mock.mockito.ResetMocksTestExecutionListener, org.springframework.boot.test.autoconfigure.restdocs.RestDocsTestExecutionListener, org.springframework.boot.test.autoconfigure.web.client.MockRestServiceServerResetTestExecutionListener, org.springframework.boot.test.autoconfigure.web.servlet.MockMvcPrintOnlyOnFailureTestExecutionListener, org.springframework.boot.test.autoconfigure.web.servlet.WebDriverTestExecutionListener, org.springframework.boot.test.autoconfigure.webservices.client.MockWebServiceServerTestExecutionListener, org.springframework.test.context.web.ServletTestExecutionListener, org.springframework.test.context.support.DirtiesContextBeforeModesTestExecutionListener, org.springframework.test.context.event.ApplicationEventsTestExecutionListener, org.springframework.test.context.support.DependencyInjectionTestExecutionListener, org.springframework.test.context.support.DirtiesContextTestExecutionListener, org.springframework.test.context.transaction.TransactionalTestExecutionListener, org.springframework.test.context.jdbc.SqlScriptsTestExecutionListener, org.springframework.test.context.event.EventPublishingTestExecutionListener]
12:21:03.489 [main] INFO org.springframework.boot.test.autoconfigure.web.servlet.WebMvcTestContextBootstrapper - Using TestExecutionListeners: [org.springframework.test.context.web.ServletTestExecutionListener@4e07b95f, org.springframework.test.context.support.DirtiesContextBeforeModesTestExecutionListener@28b46423, org.springframework.test.context.event.ApplicationEventsTestExecutionListener@7fc4780b, org.springframework.boot.test.mock.mockito.MockitoTestExecutionListener@3b79fd76, org.springframework.boot.test.autoconfigure.SpringBootDependencyInjectionTestExecutionListener@48c76607, org.springframework.test.context.support.DirtiesContextTestExecutionListener@43599640, org.springframework.test.context.transaction.TransactionalTestExecutionListener@1f81aa00, org.springframework.test.context.jdbc.SqlScriptsTestExecutionListener@6b6776cb, org.springframework.test.context.event.EventPublishingTestExecutionListener@1863d2fe, org.springframework.boot.test.mock.mockito.ResetMocksTestExecutionListener@1787bc24, org.springframework.boot.test.autoconfigure.restdocs.RestDocsTestExecutionListener@544d57e, org.springframework.boot.test.autoconfigure.web.client.MockRestServiceServerResetTestExecutionListener@55c53a33, org.springframework.boot.test.autoconfigure.web.servlet.MockMvcPrintOnlyOnFailureTestExecutionListener@53b7f657, org.springframework.boot.test.autoconfigure.web.servlet.WebDriverTestExecutionListener@797b0699, org.springframework.boot.test.autoconfigure.webservices.client.MockWebServiceServerTestExecutionListener@5a37d3ed]
12:21:03.499 [main] DEBUG org.springframework.test.context.support.AbstractDirtiesContextTestExecutionListener - Before test class: context [DefaultTestContext@6e01f9b0 testClass = demoApplicationTest, testInstance = [null], testMethod = [null], testException = [null], mergedContextConfiguration = [WebMergedContextConfiguration@2b9ed6da testClass = demoApplicationTest, locations = '{}', classes = '{class com.example.zooplus.demoApplication}', contextInitializerClasses = '[]', activeProfiles = '{}', propertySourceLocations = '{}', propertySourceProperties = '{org.springframework.boot.test.autoconfigure.web.servlet.WebMvcTestContextBootstrapper=true}', contextCustomizers = set[[ImportsContextCustomizer@6c61a903 key = [org.springframework.boot.autoconfigure.cache.CacheAutoConfiguration, org.springframework.boot.autoconfigure.context.MessageSourceAutoConfiguration, org.springframework.boot.autoconfigure.data.web.SpringDataWebAutoConfiguration, org.springframework.boot.autoconfigure.freemarker.FreeMarkerAutoConfiguration, org.springframework.boot.autoconfigure.groovy.template.GroovyTemplateAutoConfiguration, org.springframework.boot.autoconfigure.gson.GsonAutoConfiguration, org.springframework.boot.autoconfigure.hateoas.HypermediaAutoConfiguration, org.springframework.boot.autoconfigure.http.HttpMessageConvertersAutoConfiguration, org.springframework.boot.autoconfigure.jackson.JacksonAutoConfiguration, org.springframework.boot.autoconfigure.jsonb.JsonbAutoConfiguration, org.springframework.boot.autoconfigure.mustache.MustacheAutoConfiguration, org.springframework.boot.autoconfigure.task.TaskExecutionAutoConfiguration, org.springframework.boot.autoconfigure.thymeleaf.ThymeleafAutoConfiguration, org.springframework.boot.autoconfigure.validation.ValidationAutoConfiguration, org.springframework.boot.autoconfigure.web.servlet.error.ErrorMvcAutoConfiguration, org.springframework.boot.autoconfigure.web.servlet.HttpEncodingAutoConfiguration, org.springframework.boot.autoconfigure.web.servlet.WebMvcAutoConfiguration, org.springframework.boot.test.autoconfigure.web.servlet.MockMvcAutoConfiguration, org.springframework.boot.test.autoconfigure.web.servlet.MockMvcWebClientAutoConfiguration, org.springframework.boot.test.autoconfigure.web.servlet.MockMvcWebDriverAutoConfiguration, org.springframework.boot.autoconfigure.security.oauth2.client.servlet.OAuth2ClientAutoConfiguration, org.springframework.boot.autoconfigure.security.oauth2.resource.servlet.OAuth2ResourceServerAutoConfiguration, org.springframework.boot.autoconfigure.security.servlet.SecurityAutoConfiguration, org.springframework.boot.autoconfigure.security.servlet.SecurityFilterAutoConfiguration, org.springframework.boot.autoconfigure.security.servlet.UserDetailsServiceAutoConfiguration, org.springframework.boot.test.autoconfigure.web.servlet.MockMvcSecurityConfiguration, org.springframework.boot.test.autoconfigure.web.reactive.WebTestClientAutoConfiguration]], org.springframework.boot.test.context.filter.ExcludeFilterContextCustomizer@41a0aa7d, org.springframework.boot.test.json.DuplicateJsonObjectContextCustomizerFactory$DuplicateJsonObjectContextCustomizer@45099dd3, org.springframework.boot.test.mock.mockito.MockitoContextCustomizer@b1d8217d, org.springframework.boot.test.autoconfigure.OverrideAutoConfigurationContextCustomizerFactory$DisableAutoConfigurationContextCustomizer@2cf3d63b, org.springframework.boot.test.autoconfigure.actuate.metrics.MetricsExportContextCustomizerFactory$DisableMetricExportContextCustomizer@74ea2410, org.springframework.boot.test.autoconfigure.filter.TypeExcludeFiltersContextCustomizer@b5c4699a, org.springframework.boot.test.autoconfigure.properties.PropertyMappingContextCustomizer@4413a949, org.springframework.boot.test.autoconfigure.web.servlet.WebDriverContextCustomizerFactory$Customizer@1033576a, org.springframework.boot.test.context.SpringBootTestArgs@1, org.springframework.boot.test.context.SpringBootTestWebEnvironment@0], resourceBasePath = 'src/main/webapp', contextLoader = 'org.springframework.boot.test.context.SpringBootContextLoader', parent = [null]], attributes = map[[empty]]], class annotated with @DirtiesContext [false] with mode [null].
12:21:03.586 [main] DEBUG org.springframework.boot.ApplicationServletEnvironment - Activating profiles []
12:21:03.606 [main] DEBUG org.springframework.test.context.support.TestPropertySourceUtils - Adding inlined properties to environment: {spring.jmx.enabled=false, org.springframework.boot.test.autoconfigure.web.servlet.WebMvcTestContextBootstrapper=true}

  .   ____          _            __ _ _
 /\\ / ___'_ __ _ _(_)_ __  __ _ \ \ \ \
( ( )\___ | '_ | '_| | '_ \/ _` | \ \ \ \
 \\/  ___)| |_)| | | | | || (_| |  ) ) ) )
  '  |____| .__|_| |_|_| |_\__, | / / / /
 =========|_|==============|___/=/_/_/_/
 :: Spring Boot ::                (v2.6.2)

2022-01-12 12:21:03.906  INFO 31635 --- [           main] c.e.zooplus.test.demoApplicationTest     : Starting demoApplicationTest using Java 14.0.2 on Gyans-MacBook-Pro-2.local with PID 31635 (started by gyanprakash in /Users/gyanprakash/Documents/Personal/Zooplus)
2022-01-12 12:21:03.907  INFO 31635 --- [           main] c.e.zooplus.test.demoApplicationTest     : No active profile set, falling back to default profiles: default
2022-01-12 12:21:06.094  INFO 31635 --- [           main] o.s.b.t.m.w.SpringBootMockServletContext : Initializing Spring TestDispatcherServlet ''
2022-01-12 12:21:06.095  INFO 31635 --- [           main] o.s.t.web.servlet.TestDispatcherServlet  : Initializing Servlet ''
2022-01-12 12:21:06.096  INFO 31635 --- [           main] o.s.t.web.servlet.TestDispatcherServlet  : Completed initialization in 1 ms
2022-01-12 12:21:06.119  INFO 31635 --- [           main] c.e.zooplus.test.demoApplicationTest     : Started demoApplicationTest in 2.511 seconds (JVM running for 3.561)
org.springframework.mock.web.MockHttpServletResponse@3a40bb52

MockHttpServletRequest:
      HTTP Method = GET
      Request URI = /v1/order/balance
       Parameters = {}
          Headers = [Accept:"application/json"]
             Body = null
    Session Attrs = {}

Handler:
             Type = com.example.zooplus.controller.OrderandPaymentTrackerController$MockitoMock$1988791176
           Method = com.example.zooplus.controller.OrderandPaymentTrackerController$MockitoMock$1988791176#getOrderBalance(String)

Async:
    Async started = false
     Async result = null

Resolved Exception:
             Type = null

ModelAndView:
        View name = null
             View = null
            Model = null

FlashMap:
       Attributes = null

MockHttpServletResponse:
           Status = 200
    Error message = null
          Headers = []
     Content type = null
             Body = 
    Forwarded URL = null
   Redirected URL = null
          Cookies = []
]]></system-out>
  </testcase>
  <testcase name="contextLoads" classname="com.example.zooplus.test.demoApplicationTest" time="0.004"/>
</testsuite>